[23:20:10] [ServerMain/INFO]: [bootstrap] Running Java 21 (OpenJDK 64-Bit Server VM 21.0.6+7-Ubuntu-120.04.1; Ubuntu null) on Linux 6.8.0-1021-azure (amd64)
[23:20:10] [ServerMain/INFO]: [bootstrap] Loading Paper 1.21.1-57-master@b483da4 (2024-09-01T18:09:05Z) for Minecraft 1.21.1
[23:20:11] [ServerMain/INFO]: [PluginInitializerManager] Initializing plugins...
[23:20:11] [ServerMain/INFO]: [PluginInitializerManager] Initialized 1 plugin
[23:20:11] [ServerMain/INFO]: [PluginInitializerManager] Bukkit plugins (1):
 - TradePro (2.0)
[23:20:18] [ServerMain/INFO]: Environment: Environment[sessionHost=https://sessionserver.mojang.com, servicesHost=https://api.minecraftservices.com, name=PROD]
[23:20:18] [ServerMain/INFO]: Found new data pack paper, loading it automatically
[23:20:20] [ServerMain/INFO]: Loaded 1290 recipes
[23:20:21] [ServerMain/INFO]: Loaded 1399 advancements
[23:20:21] [Server thread/INFO]: Starting minecraft server version 1.21.1
[23:20:21] [Server thread/INFO]: Loading properties
[23:20:21] [Server thread/INFO]: This server is running Paper version 1.21.1-57-master@b483da4 (2024-09-01T18:09:05Z) (Implementing API version 1.21.1-R0.1-SNAPSHOT)
[23:20:22] [Server thread/INFO]: [spark] This server bundles the spark profiler. For more information please visit https://docs.papermc.io/paper/profiling
[23:20:22] [Server thread/INFO]: Server Ping Player Sample Count: 12
[23:20:22] [Server thread/INFO]: Using 4 threads for Netty based IO
[23:20:23] [Server thread/INFO]: [ChunkTaskScheduler] Chunk system is using 1 I/O threads, 1 worker threads, and population gen parallelism of 1 threads
[23:20:24] [Server thread/INFO]: Default game type: SURVIVAL
[23:20:24] [Server thread/INFO]: Generating keypair
[23:20:24] [Server thread/INFO]: Starting Minecraft server on *:25565
[23:20:24] [Server thread/INFO]: Using epoll channel type
[23:20:24] [Server thread/INFO]: Paper: Using libdeflate (Linux x86_64) compression from Velocity.
[23:20:24] [Server thread/INFO]: Paper: Using OpenSSL 1.1.x (Linux x86_64) cipher from Velocity.
[23:20:25] [Server thread/INFO]: [TradePro] Loading server plugin TradePro v2.0
[23:20:25] [Server thread/INFO]: [TradePro] Failed to hook into worldguard. Ignore this if you don't have worldguard.
[23:20:25] [Server thread/INFO]: Server permissions file permissions.yml is empty, ignoring it
[23:20:25] [Server thread/WARN]: **** SERVER IS RUNNING IN OFFLINE/INSECURE MODE!
[23:20:25] [Server thread/WARN]: The server will make no attempt to authenticate usernames. Beware.
[23:20:25] [Server thread/WARN]: While this makes the game possible to play without internet access, it also opens up the ability for hackers to connect with any username they choose.
[23:20:25] [Server thread/WARN]: To change this, set "online-mode" to "true" in the server.properties file.
[23:20:25] [Server thread/INFO]: Preparing level "world"
[23:20:25] [Server thread/INFO]: Preparing start region for dimension minecraft:overworld
[23:20:27] [Server thread/INFO]: Time elapsed: 1356 ms
[23:20:27] [Server thread/INFO]: Preparing start region for dimension minecraft:the_nether
[23:20:28] [Server thread/INFO]: Time elapsed: 1572 ms
[23:20:28] [Server thread/INFO]: Preparing start region for dimension minecraft:the_end
[23:20:29] [Server thread/INFO]: Time elapsed: 347 ms
[23:20:29] [Server thread/INFO]: [TradePro] Enabling TradePro v2.0
[23:20:29] [Server thread/INFO]: [TradePro] config.yml already exists, skipping creation.
[23:20:29] [Server thread/INFO]: [TradePro] lang.yml already exists, skipping creation.
[23:20:29] [Server thread/INFO]: [TradePro] gui.yml already exists, skipping creation.
[23:20:29] [TaskChainAsyncQueue Thread 0/INFO]: §a[TradePro] Detected Minecraft version: 121
[23:20:29] [TaskChainAsyncQueue Thread 0/INFO]: §a[TradePro] Sounds loaded successfully!
[23:20:29] [Server thread/INFO]: [TradePro] TradePro has started successfully!
[23:20:29] [Server thread/INFO]: [spark] Starting background profiler...
[23:20:30] [Server thread/INFO]: Done preparing level "world" (5.338s)
[23:20:30] [Server thread/INFO]: Running delayed init tasks
[23:20:30] [Server thread/INFO]: §a[TradePro] Sounds loaded successfully!
[23:20:30] [User Authenticator #0/INFO]: UUID of player Cubart is 230e4467-5c47-3a77-a336-298bd99cad67
[23:20:31] [Craft Scheduler Thread - 3 - TradePro/INFO]: [TradePro] Plugin is up to date.
[23:20:31] [Server thread/INFO]: [TradePro] Web panel is disabled in config.yml
[23:20:31] [Server thread/INFO]: Done (21.691s)! For help, type "help"
[23:20:31] [Server thread/INFO]: Timings Reset
[23:20:33] [Server thread/INFO]:  [GORDO] Cubart  joined the game
[23:20:34] [Server thread/INFO]: Cubart[/127.207.59.155:59607] logged in with entity id 28 at ([world]518.5437752415557, 63.5625, -903.9342687406679)
[23:20:39] [Server thread/WARN]: Can't keep up! Is the server overloaded? Running 2654ms or 53 ticks behind
[23:21:01] [Server thread/INFO]: Cubart lost connection: Disconnected
[23:21:01] [Server thread/INFO]:  [GORDO] Cubart  left the game
[23:21:10] [Server thread/INFO]: Unknown or incomplete command, see below for error
ip<--[HERE]
[23:21:15] [Server thread/INFO]: Stopping server
[23:21:15] [Server thread/INFO]: [TradePro] Disabling TradePro v2.0
[23:21:15] [Server thread/INFO]: Saving players
[23:21:15] [Server thread/INFO]: Saving worlds
[23:21:15] [Server thread/INFO]: Saving chunks for level 'ServerLevel[world]'/minecraft:overworld
[23:21:15] [Server thread/INFO]: [ChunkHolderManager] Waiting 60s for chunk system to halt for world 'world'
[23:21:15] [Server thread/INFO]: [ChunkHolderManager] Halted chunk system for world 'world'
[23:21:15] [Server thread/INFO]: [ChunkHolderManager] Saving all chunkholders for world 'world'
[23:21:15] [Server thread/INFO]: [ChunkHolderManager] Saved 49 block chunks, 49 entity chunks, 0 poi chunks in world 'world' in 0.18s
[23:21:15] [Server thread/INFO]: Saving chunks for level 'ServerLevel[world_nether]'/minecraft:the_nether
[23:21:15] [Server thread/INFO]: [ChunkHolderManager] Waiting 60s for chunk system to halt for world 'world_nether'
[23:21:15] [Server thread/INFO]: [ChunkHolderManager] Halted chunk system for world 'world_nether'
[23:21:15] [Server thread/INFO]: [ChunkHolderManager] Saving all chunkholders for world 'world_nether'
[23:21:15] [Server thread/INFO]: [ChunkHolderManager] Saved 49 block chunks, 49 entity chunks, 0 poi chunks in world 'world_nether' in 0.11s
[23:21:15] [Server thread/INFO]: Saving chunks for level 'ServerLevel[world_the_end]'/minecraft:the_end
[23:21:15] [Server thread/INFO]: [ChunkHolderManager] Waiting 60s for chunk system to halt for world 'world_the_end'
[23:21:15] [Server thread/INFO]: [ChunkHolderManager] Halted chunk system for world 'world_the_end'
[23:21:15] [Server thread/INFO]: [ChunkHolderManager] Saving all chunkholders for world 'world_the_end'
[23:21:15] [Server thread/INFO]: [ChunkHolderManager] Saved 49 block chunks, 49 entity chunks, 0 poi chunks in world 'world_the_end' in 0.06s
[23:21:15] [Server thread/INFO]: ThreadedAnvilChunkStorage (world): All chunks are saved
[23:21:15] [Server thread/INFO]: ThreadedAnvilChunkStorage (DIM-1): All chunks are saved
[23:21:15] [Server thread/INFO]: ThreadedAnvilChunkStorage (DIM1): All chunks are saved
[23:21:15] [Server thread/INFO]: ThreadedAnvilChunkStorage: All dimensions are saved
